<?xml version="1.0" encoding="UTF-8"?>
<!-- Generated by org.testng.reporters.JUnitReportReporter -->
<testsuite hostname="CSNB0595" name="listernersDemo.MyTestCase" tests="1" failures="0" timestamp="11 Jan 2021 14:22:19 GMT" time="21.999" errors="0">
  <testcase name="GoogleTitleVerify" time="21.999" classname="listernersDemo.MyTestCase"/>
</testsuite> <!-- listernersDemo.MyTestCase -->
