<?xml version="1.0" encoding="UTF-8"?>
<!-- Generated by org.testng.reporters.JUnitReportReporter -->
<testsuite hostname="CSNB0595" name="verifyTitleDemo.VerifyTitle" tests="1" failures="0" timestamp="10 Jan 2021 08:53:56 GMT" time="22.359" errors="0">
  <testcase name="verifyApplicationTitle" time="22.359" classname="verifyTitleDemo.VerifyTitle"/>
</testsuite> <!-- verifyTitleDemo.VerifyTitle -->
