<?xml version="1.0" encoding="UTF-8"?>
<!-- Generated by org.testng.reporters.JUnitReportReporter -->
<testsuite hostname="CSNB0595" name="convertToXMLDemo.ConvertToXML1" tests="1" failures="0" timestamp="13 Jan 2021 07:40:31 GMT" time="0.005" errors="0">
  <testcase name="displayResult" time="0.005" classname="convertToXMLDemo.ConvertToXML1"/>
</testsuite> <!-- convertToXMLDemo.ConvertToXML1 -->
