<?xml version="1.0" encoding="UTF-8"?>
<!-- Generated by org.testng.reporters.JUnitReportReporter -->
<testsuite hostname="CSNB0595" name="verifyErrorMessage.VerifyErrorMessage" tests="1" failures="0" timestamp="10 Jan 2021 09:48:38 GMT" time="13.347" errors="0">
  <testcase name="verifyApplicationTitle" time="13.347" classname="verifyErrorMessage.VerifyErrorMessage"/>
</testsuite> <!-- verifyErrorMessage.VerifyErrorMessage -->
